2020-10-20 10:27:08,675 INFO org.hibernate.validator.internal.util.Version [background-preinit] HV000001: Hibernate Validator 6.1.5.Final
2020-10-20 10:27:13,705 WARN org.springframework.boot.StartupInfoLogger [main] InetAddress.getLocalHost().getHostName() took 5006 milliseconds to respond. Please verify your network configuration (macOS machines may need to add entries to /etc/hosts).
2020-10-20 10:27:18,709 INFO org.springframework.boot.StartupInfoLogger [main] Starting MainApplication on MacBook-Pro-bogdan.local with PID 81178 (/Users/bogdan/files/mag1/mag-sem3/dist-systems/news/news/target/classes started by bogdan in /Users/bogdan/files/mag1/mag-sem3/dist-systems/news/news)
2020-10-20 10:27:18,709 DEBUG org.springframework.boot.StartupInfoLogger [main] Running with Spring Boot v2.3.3.RELEASE, Spring v5.2.8.RELEASE
2020-10-20 10:27:18,710 INFO org.springframework.boot.SpringApplication [main] No active profile set, falling back to default profiles: default
2020-10-20 10:27:20,062 INFO org.springframework.data.repository.config.RepositoryConfigurationDelegate [main] Bootstrapping Spring Data JPA repositories in DEFERRED mode.
2020-10-20 10:27:20,158 INFO org.springframework.data.repository.config.RepositoryConfigurationDelegate [main] Finished Spring Data repository scanning in 83ms. Found 3 JPA repository interfaces.
2020-10-20 10:27:20,535 INFO org.springframework.context.support.PostProcessorRegistrationDelegate$BeanPostProcessorChecker [main] Bean 'org.springframework.security.access.expression.method.DefaultMethodSecurityExpressionHandler@60d1b21f' of type [org.springframework.security.access.expression.method.DefaultMethodSecurityExpressionHandler] is not eligible for getting processed by all BeanPostProcessors (for example: not eligible for auto-proxying)
2020-10-20 10:27:20,545 INFO org.springframework.context.support.PostProcessorRegistrationDelegate$BeanPostProcessorChecker [main] Bean 'methodSecurityMetadataSource' of type [org.springframework.security.access.method.DelegatingMethodSecurityMetadataSource] is not eligible for getting processed by all BeanPostProcessors (for example: not eligible for auto-proxying)
2020-10-20 10:27:20,874 INFO org.springframework.boot.web.embedded.tomcat.TomcatWebServer [main] Tomcat initialized with port(s): 8080 (http)
2020-10-20 10:27:20,883 INFO org.apache.juli.logging.DirectJDKLog [main] Initializing ProtocolHandler ["http-nio-8080"]
2020-10-20 10:27:20,883 INFO org.apache.juli.logging.DirectJDKLog [main] Starting service [Tomcat]
2020-10-20 10:27:20,884 INFO org.apache.juli.logging.DirectJDKLog [main] Starting Servlet engine: [Apache Tomcat/9.0.37]
2020-10-20 10:27:20,956 INFO org.apache.juli.logging.DirectJDKLog [main] Initializing Spring embedded WebApplicationContext
2020-10-20 10:27:20,957 INFO org.springframework.boot.web.servlet.context.ServletWebServerApplicationContext [main] Root WebApplicationContext: initialization completed in 2135 ms
2020-10-20 10:27:21,019 WARN org.springframework.boot.autoconfigure.orm.jpa.JpaBaseConfiguration$JpaWebConfiguration [main] spring.jpa.open-in-view is enabled by default. Therefore, database queries may be performed during view rendering. Explicitly configure spring.jpa.open-in-view to disable this warning
2020-10-20 10:27:21,163 INFO org.springframework.scheduling.concurrent.ExecutorConfigurationSupport [main] Initializing ExecutorService 'applicationTaskExecutor'
2020-10-20 10:27:21,217 INFO org.hibernate.jpa.internal.util.LogHelper [task-1] HHH000204: Processing PersistenceUnitInfo [name: default]
2020-10-20 10:27:21,357 INFO org.hibernate.Version [task-1] HHH000412: Hibernate ORM core version 5.4.20.Final
2020-10-20 10:27:21,533 INFO org.hibernate.annotations.common.reflection.java.JavaReflectionManager [task-1] HCANN000001: Hibernate Commons Annotations {5.1.0.Final}
2020-10-20 10:27:21,678 INFO com.zaxxer.hikari.HikariDataSource [task-1] HikariPool-1 - Starting...
2020-10-20 10:27:21,774 INFO com.zaxxer.hikari.HikariDataSource [task-1] HikariPool-1 - Start completed.
2020-10-20 10:27:21,792 INFO org.hibernate.dialect.Dialect [task-1] HHH000400: Using dialect: org.hibernate.dialect.PostgreSQL10Dialect
2020-10-20 10:27:22,747 WARN org.hibernate.engine.jdbc.spi.SqlExceptionHelper$StandardWarningHandler [task-1] SQL Warning Code: 0, SQLState: 00000
2020-10-20 10:27:22,748 WARN org.hibernate.engine.jdbc.spi.SqlExceptionHelper$StandardWarningHandler [task-1] constraint "uk_krl4vule8q1756fvdybiv0lto" of relation "requests" does not exist, skipping
2020-10-20 10:27:22,784 INFO org.hibernate.engine.transaction.jta.platform.internal.JtaPlatformInitiator [task-1] HHH000490: Using JtaPlatform implementation: [org.hibernate.engine.transaction.jta.platform.internal.NoJtaPlatform]
2020-10-20 10:27:22,791 INFO org.springframework.orm.jpa.AbstractEntityManagerFactoryBean [task-1] Initialized JPA EntityManagerFactory for persistence unit 'default'
2020-10-20 10:27:23,379 DEBUG org.springframework.web.filter.GenericFilterBean [main] Filter 'filterChainExceptionHandler' configured for use
2020-10-20 10:27:23,995 INFO org.springframework.security.web.DefaultSecurityFilterChain [main] Creating filter chain: any request, [org.springframework.security.web.context.request.async.WebAsyncManagerIntegrationFilter@40ce9049, org.springframework.security.web.context.SecurityContextPersistenceFilter@1c8f6c66, org.springframework.security.web.header.HeaderWriterFilter@235c997d, org.springframework.web.filter.CorsFilter@52ca2652, org.springframework.security.web.authentication.logout.LogoutFilter@6b2dd3df, com.kislichenko.news.security.JWTAuthenticationFilter@65c5bf0e, com.kislichenko.news.errors.FilterChainExceptionHandler@633fd91, com.kislichenko.news.errors.FilterChainExceptionHandler@633fd91, com.kislichenko.news.security.JWTAuthorizationFilter@697d6ded, org.springframework.security.web.savedrequest.RequestCacheAwareFilter@1b7f06c7, org.springframework.security.web.servletapi.SecurityContextHolderAwareRequestFilter@19e21f89, org.springframework.security.web.authentication.AnonymousAuthenticationFilter@5d05f453, org.springframework.security.web.session.SessionManagementFilter@4a9a878, org.springframework.security.web.access.ExceptionTranslationFilter@7c90b7b7, org.springframework.security.web.access.intercept.FilterSecurityInterceptor@543d5863]
2020-10-20 10:27:24,546 INFO org.apache.juli.logging.DirectJDKLog [main] Starting ProtocolHandler ["http-nio-8080"]
2020-10-20 10:27:24,572 INFO org.springframework.boot.web.embedded.tomcat.TomcatWebServer [main] Tomcat started on port(s): 8080 (http) with context path ''
2020-10-20 10:27:24,573 INFO org.springframework.data.repository.config.DeferredRepositoryInitializationListener [main] Triggering deferred initialization of Spring Data repositories…
2020-10-20 10:27:24,625 INFO org.springframework.data.repository.config.DeferredRepositoryInitializationListener [main] Spring Data repositories initialized!
2020-10-20 10:27:24,633 INFO org.springframework.boot.StartupInfoLogger [main] Started MainApplication in 26.285 seconds (JVM running for 32.007)
2020-10-20 10:38:30,123 INFO org.apache.juli.logging.DirectJDKLog [http-nio-8080-exec-1] Initializing Spring DispatcherServlet 'dispatcherServlet'
2020-10-20 10:38:30,125 INFO org.springframework.web.servlet.FrameworkServlet [http-nio-8080-exec-1] Initializing Servlet 'dispatcherServlet'
2020-10-20 10:38:30,160 INFO org.springframework.web.servlet.FrameworkServlet [http-nio-8080-exec-1] Completed initialization in 34 ms
2020-10-20 10:50:28,597 WARN com.zaxxer.hikari.pool.HikariPool$HouseKeeper [HikariPool-1 housekeeper] HikariPool-1 - Thread starvation or clock leap detected (housekeeper delta=1m6s602ms).
2020-10-20 10:52:59,264 INFO org.springframework.orm.jpa.AbstractEntityManagerFactoryBean [SpringContextShutdownHook] Closing JPA EntityManagerFactory for persistence unit 'default'
2020-10-20 10:52:59,273 INFO org.springframework.scheduling.concurrent.ExecutorConfigurationSupport [SpringContextShutdownHook] Shutting down ExecutorService 'applicationTaskExecutor'
2020-10-20 10:52:59,274 INFO com.zaxxer.hikari.HikariDataSource [SpringContextShutdownHook] HikariPool-1 - Shutdown initiated...
2020-10-20 10:52:59,280 INFO com.zaxxer.hikari.HikariDataSource [SpringContextShutdownHook] HikariPool-1 - Shutdown completed.
2020-10-20 10:53:23,118 INFO org.hibernate.validator.internal.util.Version [background-preinit] HV000001: Hibernate Validator 6.1.5.Final
2020-10-20 10:53:28,136 WARN org.springframework.boot.StartupInfoLogger [main] InetAddress.getLocalHost().getHostName() took 5004 milliseconds to respond. Please verify your network configuration (macOS machines may need to add entries to /etc/hosts).
2020-10-20 10:53:33,177 INFO org.springframework.boot.StartupInfoLogger [main] Starting MainApplication on MacBook-Pro-bogdan.local with PID 82105 (/Users/bogdan/files/mag1/mag-sem3/dist-systems/news/news/target/classes started by bogdan in /Users/bogdan/files/mag1/mag-sem3/dist-systems/news/news)
2020-10-20 10:53:33,177 DEBUG org.springframework.boot.StartupInfoLogger [main] Running with Spring Boot v2.3.3.RELEASE, Spring v5.2.8.RELEASE
2020-10-20 10:53:33,178 INFO org.springframework.boot.SpringApplication [main] No active profile set, falling back to default profiles: default
2020-10-20 10:53:33,683 INFO org.springframework.data.repository.config.RepositoryConfigurationDelegate [main] Bootstrapping Spring Data JPA repositories in DEFERRED mode.
2020-10-20 10:53:33,746 INFO org.springframework.data.repository.config.RepositoryConfigurationDelegate [main] Finished Spring Data repository scanning in 56ms. Found 4 JPA repository interfaces.
2020-10-20 10:53:34,002 INFO org.springframework.context.support.PostProcessorRegistrationDelegate$BeanPostProcessorChecker [main] Bean 'org.springframework.security.access.expression.method.DefaultMethodSecurityExpressionHandler@676ff3b0' of type [org.springframework.security.access.expression.method.DefaultMethodSecurityExpressionHandler] is not eligible for getting processed by all BeanPostProcessors (for example: not eligible for auto-proxying)
2020-10-20 10:53:34,007 INFO org.springframework.context.support.PostProcessorRegistrationDelegate$BeanPostProcessorChecker [main] Bean 'methodSecurityMetadataSource' of type [org.springframework.security.access.method.DelegatingMethodSecurityMetadataSource] is not eligible for getting processed by all BeanPostProcessors (for example: not eligible for auto-proxying)
2020-10-20 10:53:34,237 INFO org.springframework.boot.web.embedded.tomcat.TomcatWebServer [main] Tomcat initialized with port(s): 8080 (http)
2020-10-20 10:53:34,244 INFO org.apache.juli.logging.DirectJDKLog [main] Initializing ProtocolHandler ["http-nio-8080"]
2020-10-20 10:53:34,244 INFO org.apache.juli.logging.DirectJDKLog [main] Starting service [Tomcat]
2020-10-20 10:53:34,244 INFO org.apache.juli.logging.DirectJDKLog [main] Starting Servlet engine: [Apache Tomcat/9.0.37]
2020-10-20 10:53:34,310 INFO org.apache.juli.logging.DirectJDKLog [main] Initializing Spring embedded WebApplicationContext
2020-10-20 10:53:34,311 INFO org.springframework.boot.web.servlet.context.ServletWebServerApplicationContext [main] Root WebApplicationContext: initialization completed in 1103 ms
2020-10-20 10:53:34,371 WARN org.springframework.boot.autoconfigure.orm.jpa.JpaBaseConfiguration$JpaWebConfiguration [main] spring.jpa.open-in-view is enabled by default. Therefore, database queries may be performed during view rendering. Explicitly configure spring.jpa.open-in-view to disable this warning
2020-10-20 10:53:34,491 INFO org.springframework.scheduling.concurrent.ExecutorConfigurationSupport [main] Initializing ExecutorService 'applicationTaskExecutor'
2020-10-20 10:53:34,539 INFO org.hibernate.jpa.internal.util.LogHelper [task-1] HHH000204: Processing PersistenceUnitInfo [name: default]
2020-10-20 10:53:34,643 INFO org.hibernate.Version [task-1] HHH000412: Hibernate ORM core version 5.4.20.Final
2020-10-20 10:53:34,744 INFO org.hibernate.annotations.common.reflection.java.JavaReflectionManager [task-1] HCANN000001: Hibernate Commons Annotations {5.1.0.Final}
2020-10-20 10:53:34,823 INFO com.zaxxer.hikari.HikariDataSource [task-1] HikariPool-1 - Starting...
2020-10-20 10:53:34,892 INFO com.zaxxer.hikari.HikariDataSource [task-1] HikariPool-1 - Start completed.
2020-10-20 10:53:34,906 INFO org.hibernate.dialect.Dialect [task-1] HHH000400: Using dialect: org.hibernate.dialect.PostgreSQL10Dialect
2020-10-20 10:53:35,589 INFO org.hibernate.engine.transaction.jta.platform.internal.JtaPlatformInitiator [task-1] HHH000490: Using JtaPlatform implementation: [org.hibernate.engine.transaction.jta.platform.internal.NoJtaPlatform]
2020-10-20 10:53:35,594 INFO org.springframework.orm.jpa.AbstractEntityManagerFactoryBean [task-1] Initialized JPA EntityManagerFactory for persistence unit 'default'
2020-10-20 10:53:36,063 DEBUG org.springframework.web.filter.GenericFilterBean [main] Filter 'filterChainExceptionHandler' configured for use
2020-10-20 10:53:36,529 INFO org.springframework.security.web.DefaultSecurityFilterChain [main] Creating filter chain: any request, [org.springframework.security.web.context.request.async.WebAsyncManagerIntegrationFilter@3f8dfe74, org.springframework.security.web.context.SecurityContextPersistenceFilter@6ad1701a, org.springframework.security.web.header.HeaderWriterFilter@1f782c05, org.springframework.web.filter.CorsFilter@401c4250, org.springframework.security.web.authentication.logout.LogoutFilter@2c0c4c0a, com.kislichenko.news.security.JWTAuthenticationFilter@1a950fdd, com.kislichenko.news.errors.FilterChainExceptionHandler@6bccd036, com.kislichenko.news.errors.FilterChainExceptionHandler@6bccd036, com.kislichenko.news.security.JWTAuthorizationFilter@77724cbe, org.springframework.security.web.savedrequest.RequestCacheAwareFilter@22da2fe6, org.springframework.security.web.servletapi.SecurityContextHolderAwareRequestFilter@77b3752b, org.springframework.security.web.authentication.AnonymousAuthenticationFilter@27dc627a, org.springframework.security.web.session.SessionManagementFilter@432af457, org.springframework.security.web.access.ExceptionTranslationFilter@7069f076, org.springframework.security.web.access.intercept.FilterSecurityInterceptor@58833798]
2020-10-20 10:53:37,002 INFO org.apache.juli.logging.DirectJDKLog [main] Starting ProtocolHandler ["http-nio-8080"]
2020-10-20 10:53:37,022 INFO org.springframework.boot.web.embedded.tomcat.TomcatWebServer [main] Tomcat started on port(s): 8080 (http) with context path ''
2020-10-20 10:53:37,023 INFO org.springframework.data.repository.config.DeferredRepositoryInitializationListener [main] Triggering deferred initialization of Spring Data repositories…
2020-10-20 10:53:37,050 INFO org.springframework.data.repository.config.DeferredRepositoryInitializationListener [main] Spring Data repositories initialized!
2020-10-20 10:53:37,058 INFO org.springframework.boot.StartupInfoLogger [main] Started MainApplication in 24.19 seconds (JVM running for 30.026)
2020-10-20 10:53:53,163 INFO org.apache.juli.logging.DirectJDKLog [http-nio-8080-exec-1] Initializing Spring DispatcherServlet 'dispatcherServlet'
2020-10-20 10:53:53,164 INFO org.springframework.web.servlet.FrameworkServlet [http-nio-8080-exec-1] Initializing Servlet 'dispatcherServlet'
2020-10-20 10:53:53,183 INFO org.springframework.web.servlet.FrameworkServlet [http-nio-8080-exec-1] Completed initialization in 19 ms
2020-10-20 10:54:16,766 INFO org.springframework.orm.jpa.AbstractEntityManagerFactoryBean [SpringContextShutdownHook] Closing JPA EntityManagerFactory for persistence unit 'default'
2020-10-20 10:54:16,768 INFO org.springframework.scheduling.concurrent.ExecutorConfigurationSupport [SpringContextShutdownHook] Shutting down ExecutorService 'applicationTaskExecutor'
2020-10-20 10:54:16,768 INFO com.zaxxer.hikari.HikariDataSource [SpringContextShutdownHook] HikariPool-1 - Shutdown initiated...
2020-10-20 10:54:16,773 INFO com.zaxxer.hikari.HikariDataSource [SpringContextShutdownHook] HikariPool-1 - Shutdown completed.
2020-10-20 10:54:39,256 INFO org.hibernate.validator.internal.util.Version [background-preinit] HV000001: Hibernate Validator 6.1.5.Final
2020-10-20 10:54:44,277 WARN org.springframework.boot.StartupInfoLogger [main] InetAddress.getLocalHost().getHostName() took 5003 milliseconds to respond. Please verify your network configuration (macOS machines may need to add entries to /etc/hosts).
2020-10-20 10:54:49,318 INFO org.springframework.boot.StartupInfoLogger [main] Starting MainApplication on MacBook-Pro-bogdan.local with PID 82171 (/Users/bogdan/files/mag1/mag-sem3/dist-systems/news/news/target/classes started by bogdan in /Users/bogdan/files/mag1/mag-sem3/dist-systems/news/news)
2020-10-20 10:54:49,319 DEBUG org.springframework.boot.StartupInfoLogger [main] Running with Spring Boot v2.3.3.RELEASE, Spring v5.2.8.RELEASE
2020-10-20 10:54:49,319 INFO org.springframework.boot.SpringApplication [main] No active profile set, falling back to default profiles: default
2020-10-20 10:54:49,834 INFO org.springframework.data.repository.config.RepositoryConfigurationDelegate [main] Bootstrapping Spring Data JPA repositories in DEFERRED mode.
2020-10-20 10:54:49,882 INFO org.springframework.data.repository.config.RepositoryConfigurationDelegate [main] Finished Spring Data repository scanning in 43ms. Found 4 JPA repository interfaces.
2020-10-20 10:54:50,135 INFO org.springframework.context.support.PostProcessorRegistrationDelegate$BeanPostProcessorChecker [main] Bean 'org.springframework.security.access.expression.method.DefaultMethodSecurityExpressionHandler@676ff3b0' of type [org.springframework.security.access.expression.method.DefaultMethodSecurityExpressionHandler] is not eligible for getting processed by all BeanPostProcessors (for example: not eligible for auto-proxying)
2020-10-20 10:54:50,140 INFO org.springframework.context.support.PostProcessorRegistrationDelegate$BeanPostProcessorChecker [main] Bean 'methodSecurityMetadataSource' of type [org.springframework.security.access.method.DelegatingMethodSecurityMetadataSource] is not eligible for getting processed by all BeanPostProcessors (for example: not eligible for auto-proxying)
2020-10-20 10:54:50,346 INFO org.springframework.boot.web.embedded.tomcat.TomcatWebServer [main] Tomcat initialized with port(s): 8080 (http)
2020-10-20 10:54:50,352 INFO org.apache.juli.logging.DirectJDKLog [main] Initializing ProtocolHandler ["http-nio-8080"]
2020-10-20 10:54:50,353 INFO org.apache.juli.logging.DirectJDKLog [main] Starting service [Tomcat]
2020-10-20 10:54:50,353 INFO org.apache.juli.logging.DirectJDKLog [main] Starting Servlet engine: [Apache Tomcat/9.0.37]
2020-10-20 10:54:50,415 INFO org.apache.juli.logging.DirectJDKLog [main] Initializing Spring embedded WebApplicationContext
2020-10-20 10:54:50,415 INFO org.springframework.boot.web.servlet.context.ServletWebServerApplicationContext [main] Root WebApplicationContext: initialization completed in 1063 ms
2020-10-20 10:54:50,470 WARN org.springframework.boot.autoconfigure.orm.jpa.JpaBaseConfiguration$JpaWebConfiguration [main] spring.jpa.open-in-view is enabled by default. Therefore, database queries may be performed during view rendering. Explicitly configure spring.jpa.open-in-view to disable this warning
2020-10-20 10:54:50,574 INFO org.springframework.scheduling.concurrent.ExecutorConfigurationSupport [main] Initializing ExecutorService 'applicationTaskExecutor'
2020-10-20 10:54:50,620 INFO org.hibernate.jpa.internal.util.LogHelper [task-1] HHH000204: Processing PersistenceUnitInfo [name: default]
2020-10-20 10:54:50,670 INFO org.hibernate.Version [task-1] HHH000412: Hibernate ORM core version 5.4.20.Final
2020-10-20 10:54:50,822 INFO org.hibernate.annotations.common.reflection.java.JavaReflectionManager [task-1] HCANN000001: Hibernate Commons Annotations {5.1.0.Final}
2020-10-20 10:54:50,902 INFO com.zaxxer.hikari.HikariDataSource [task-1] HikariPool-1 - Starting...
2020-10-20 10:54:50,962 INFO com.zaxxer.hikari.HikariDataSource [task-1] HikariPool-1 - Start completed.
2020-10-20 10:54:50,974 INFO org.hibernate.dialect.Dialect [task-1] HHH000400: Using dialect: org.hibernate.dialect.PostgreSQL10Dialect
2020-10-20 10:54:51,609 INFO org.hibernate.engine.transaction.jta.platform.internal.JtaPlatformInitiator [task-1] HHH000490: Using JtaPlatform implementation: [org.hibernate.engine.transaction.jta.platform.internal.NoJtaPlatform]
2020-10-20 10:54:51,615 INFO org.springframework.orm.jpa.AbstractEntityManagerFactoryBean [task-1] Initialized JPA EntityManagerFactory for persistence unit 'default'
2020-10-20 10:54:52,045 DEBUG org.springframework.web.filter.GenericFilterBean [main] Filter 'filterChainExceptionHandler' configured for use
2020-10-20 10:54:52,475 INFO org.springframework.security.web.DefaultSecurityFilterChain [main] Creating filter chain: any request, [org.springframework.security.web.context.request.async.WebAsyncManagerIntegrationFilter@35650279, org.springframework.security.web.context.SecurityContextPersistenceFilter@17d2b075, org.springframework.security.web.header.HeaderWriterFilter@6ad179b4, org.springframework.web.filter.CorsFilter@79a13920, org.springframework.security.web.authentication.logout.LogoutFilter@1f782c05, com.kislichenko.news.security.JWTAuthenticationFilter@182e7eda, com.kislichenko.news.errors.FilterChainExceptionHandler@66f28a1f, com.kislichenko.news.errors.FilterChainExceptionHandler@66f28a1f, com.kislichenko.news.security.JWTAuthorizationFilter@5f61371d, org.springframework.security.web.savedrequest.RequestCacheAwareFilter@310b2b6f, org.springframework.security.web.servletapi.SecurityContextHolderAwareRequestFilter@73c48264, org.springframework.security.web.authentication.AnonymousAuthenticationFilter@420a8042, org.springframework.security.web.session.SessionManagementFilter@59c500f7, org.springframework.security.web.access.ExceptionTranslationFilter@29079032, org.springframework.security.web.access.intercept.FilterSecurityInterceptor@2bb41f5c]
2020-10-20 10:54:52,779 INFO org.apache.juli.logging.DirectJDKLog [main] Starting ProtocolHandler ["http-nio-8080"]
2020-10-20 10:54:52,943 INFO org.springframework.boot.web.embedded.tomcat.TomcatWebServer [main] Tomcat started on port(s): 8080 (http) with context path ''
2020-10-20 10:54:52,944 INFO org.springframework.data.repository.config.DeferredRepositoryInitializationListener [main] Triggering deferred initialization of Spring Data repositories…
2020-10-20 10:54:52,973 INFO org.springframework.data.repository.config.DeferredRepositoryInitializationListener [main] Spring Data repositories initialized!
2020-10-20 10:54:52,980 INFO org.springframework.boot.StartupInfoLogger [main] Started MainApplication in 23.989 seconds (JVM running for 29.742)
2020-10-20 10:54:56,798 INFO org.apache.juli.logging.DirectJDKLog [http-nio-8080-exec-1] Initializing Spring DispatcherServlet 'dispatcherServlet'
2020-10-20 10:54:56,799 INFO org.springframework.web.servlet.FrameworkServlet [http-nio-8080-exec-1] Initializing Servlet 'dispatcherServlet'
2020-10-20 10:54:56,814 INFO org.springframework.web.servlet.FrameworkServlet [http-nio-8080-exec-1] Completed initialization in 14 ms
2020-10-20 10:54:56,997 DEBUG com.kislichenko.news.controller.ReqDataController [http-nio-8080-exec-1] Adding new request bybogdan30
2020-10-20 10:55:43,206 INFO org.springframework.orm.jpa.AbstractEntityManagerFactoryBean [SpringContextShutdownHook] Closing JPA EntityManagerFactory for persistence unit 'default'
2020-10-20 10:55:43,209 INFO org.springframework.scheduling.concurrent.ExecutorConfigurationSupport [SpringContextShutdownHook] Shutting down ExecutorService 'applicationTaskExecutor'
2020-10-20 10:55:43,210 INFO com.zaxxer.hikari.HikariDataSource [SpringContextShutdownHook] HikariPool-1 - Shutdown initiated...
2020-10-20 10:55:43,219 INFO com.zaxxer.hikari.HikariDataSource [SpringContextShutdownHook] HikariPool-1 - Shutdown completed.
2020-10-20 10:56:03,972 INFO org.hibernate.validator.internal.util.Version [background-preinit] HV000001: Hibernate Validator 6.1.5.Final
2020-10-20 10:56:09,033 WARN org.springframework.boot.StartupInfoLogger [main] InetAddress.getLocalHost().getHostName() took 5003 milliseconds to respond. Please verify your network configuration (macOS machines may need to add entries to /etc/hosts).
2020-10-20 10:56:14,040 INFO org.springframework.boot.StartupInfoLogger [main] Starting MainApplication on MacBook-Pro-bogdan.local with PID 82249 (/Users/bogdan/files/mag1/mag-sem3/dist-systems/news/news/target/classes started by bogdan in /Users/bogdan/files/mag1/mag-sem3/dist-systems/news/news)
2020-10-20 10:56:14,041 DEBUG org.springframework.boot.StartupInfoLogger [main] Running with Spring Boot v2.3.3.RELEASE, Spring v5.2.8.RELEASE
2020-10-20 10:56:14,042 INFO org.springframework.boot.SpringApplication [main] No active profile set, falling back to default profiles: default
2020-10-20 10:56:14,607 INFO org.springframework.data.repository.config.RepositoryConfigurationDelegate [main] Bootstrapping Spring Data JPA repositories in DEFERRED mode.
2020-10-20 10:56:14,662 INFO org.springframework.data.repository.config.RepositoryConfigurationDelegate [main] Finished Spring Data repository scanning in 49ms. Found 4 JPA repository interfaces.
2020-10-20 10:56:14,980 INFO org.springframework.context.support.PostProcessorRegistrationDelegate$BeanPostProcessorChecker [main] Bean 'org.springframework.security.access.expression.method.DefaultMethodSecurityExpressionHandler@676ff3b0' of type [org.springframework.security.access.expression.method.DefaultMethodSecurityExpressionHandler] is not eligible for getting processed by all BeanPostProcessors (for example: not eligible for auto-proxying)
2020-10-20 10:56:14,983 INFO org.springframework.context.support.PostProcessorRegistrationDelegate$BeanPostProcessorChecker [main] Bean 'methodSecurityMetadataSource' of type [org.springframework.security.access.method.DelegatingMethodSecurityMetadataSource] is not eligible for getting processed by all BeanPostProcessors (for example: not eligible for auto-proxying)
2020-10-20 10:56:15,185 INFO org.springframework.boot.web.embedded.tomcat.TomcatWebServer [main] Tomcat initialized with port(s): 8080 (http)
2020-10-20 10:56:15,191 INFO org.apache.juli.logging.DirectJDKLog [main] Initializing ProtocolHandler ["http-nio-8080"]
2020-10-20 10:56:15,191 INFO org.apache.juli.logging.DirectJDKLog [main] Starting service [Tomcat]
2020-10-20 10:56:15,191 INFO org.apache.juli.logging.DirectJDKLog [main] Starting Servlet engine: [Apache Tomcat/9.0.37]
2020-10-20 10:56:15,245 INFO org.apache.juli.logging.DirectJDKLog [main] Initializing Spring embedded WebApplicationContext
2020-10-20 10:56:15,245 INFO org.springframework.boot.web.servlet.context.ServletWebServerApplicationContext [main] Root WebApplicationContext: initialization completed in 1170 ms
2020-10-20 10:56:15,316 WARN org.springframework.boot.autoconfigure.orm.jpa.JpaBaseConfiguration$JpaWebConfiguration [main] spring.jpa.open-in-view is enabled by default. Therefore, database queries may be performed during view rendering. Explicitly configure spring.jpa.open-in-view to disable this warning
2020-10-20 10:56:15,440 INFO org.springframework.scheduling.concurrent.ExecutorConfigurationSupport [main] Initializing ExecutorService 'applicationTaskExecutor'
2020-10-20 10:56:15,484 INFO org.hibernate.jpa.internal.util.LogHelper [task-1] HHH000204: Processing PersistenceUnitInfo [name: default]
2020-10-20 10:56:15,549 INFO org.hibernate.Version [task-1] HHH000412: Hibernate ORM core version 5.4.20.Final
2020-10-20 10:56:15,802 INFO org.hibernate.annotations.common.reflection.java.JavaReflectionManager [task-1] HCANN000001: Hibernate Commons Annotations {5.1.0.Final}
2020-10-20 10:56:15,913 INFO com.zaxxer.hikari.HikariDataSource [task-1] HikariPool-1 - Starting...
2020-10-20 10:56:15,990 INFO com.zaxxer.hikari.HikariDataSource [task-1] HikariPool-1 - Start completed.
2020-10-20 10:56:16,009 INFO org.hibernate.dialect.Dialect [task-1] HHH000400: Using dialect: org.hibernate.dialect.PostgreSQL10Dialect
2020-10-20 10:56:16,933 INFO org.hibernate.engine.transaction.jta.platform.internal.JtaPlatformInitiator [task-1] HHH000490: Using JtaPlatform implementation: [org.hibernate.engine.transaction.jta.platform.internal.NoJtaPlatform]
2020-10-20 10:56:16,939 INFO org.springframework.orm.jpa.AbstractEntityManagerFactoryBean [task-1] Initialized JPA EntityManagerFactory for persistence unit 'default'
2020-10-20 10:56:17,513 DEBUG org.springframework.web.filter.GenericFilterBean [main] Filter 'filterChainExceptionHandler' configured for use
2020-10-20 10:56:18,445 INFO org.springframework.security.web.DefaultSecurityFilterChain [main] Creating filter chain: any request, [org.springframework.security.web.context.request.async.WebAsyncManagerIntegrationFilter@1ad9b8d3, org.springframework.security.web.context.SecurityContextPersistenceFilter@1f66d8e1, org.springframework.security.web.header.HeaderWriterFilter@2dafae61, org.springframework.web.filter.CorsFilter@168ad26f, org.springframework.security.web.authentication.logout.LogoutFilter@59498d94, com.kislichenko.news.security.JWTAuthenticationFilter@4f93bf0a, com.kislichenko.news.errors.FilterChainExceptionHandler@766a49c7, com.kislichenko.news.errors.FilterChainExceptionHandler@766a49c7, com.kislichenko.news.security.JWTAuthorizationFilter@322204dc, org.springframework.security.web.savedrequest.RequestCacheAwareFilter@3421debd, org.springframework.security.web.servletapi.SecurityContextHolderAwareRequestFilter@202d9236, org.springframework.security.web.authentication.AnonymousAuthenticationFilter@656a3d6b, org.springframework.security.web.session.SessionManagementFilter@66e17eff, org.springframework.security.web.access.ExceptionTranslationFilter@4db77402, org.springframework.security.web.access.intercept.FilterSecurityInterceptor@13803a94]
2020-10-20 10:56:18,995 INFO org.apache.juli.logging.DirectJDKLog [main] Starting ProtocolHandler ["http-nio-8080"]
2020-10-20 10:56:19,194 INFO org.springframework.boot.web.embedded.tomcat.TomcatWebServer [main] Tomcat started on port(s): 8080 (http) with context path ''
2020-10-20 10:56:19,195 INFO org.springframework.data.repository.config.DeferredRepositoryInitializationListener [main] Triggering deferred initialization of Spring Data repositories…
2020-10-20 10:56:19,226 INFO org.springframework.data.repository.config.DeferredRepositoryInitializationListener [main] Spring Data repositories initialized!
2020-10-20 10:56:19,233 INFO org.springframework.boot.StartupInfoLogger [main] Started MainApplication in 25.491 seconds (JVM running for 31.194)
2020-10-20 10:56:31,241 INFO org.apache.juli.logging.DirectJDKLog [http-nio-8080-exec-1] Initializing Spring DispatcherServlet 'dispatcherServlet'
2020-10-20 10:56:31,241 INFO org.springframework.web.servlet.FrameworkServlet [http-nio-8080-exec-1] Initializing Servlet 'dispatcherServlet'
2020-10-20 10:56:31,258 INFO org.springframework.web.servlet.FrameworkServlet [http-nio-8080-exec-1] Completed initialization in 17 ms
2020-10-20 10:56:31,394 DEBUG com.kislichenko.news.controller.ReqDataController [http-nio-8080-exec-1] Adding new request by bogdan30
2020-10-20 10:56:48,627 INFO org.springframework.orm.jpa.AbstractEntityManagerFactoryBean [SpringContextShutdownHook] Closing JPA EntityManagerFactory for persistence unit 'default'
2020-10-20 10:56:48,630 INFO org.springframework.scheduling.concurrent.ExecutorConfigurationSupport [SpringContextShutdownHook] Shutting down ExecutorService 'applicationTaskExecutor'
2020-10-20 10:56:48,631 INFO com.zaxxer.hikari.HikariDataSource [SpringContextShutdownHook] HikariPool-1 - Shutdown initiated...
2020-10-20 10:56:48,636 INFO com.zaxxer.hikari.HikariDataSource [SpringContextShutdownHook] HikariPool-1 - Shutdown completed.
2020-10-20 10:57:09,756 INFO org.hibernate.validator.internal.util.Version [background-preinit] HV000001: Hibernate Validator 6.1.5.Final
2020-10-20 10:57:14,805 WARN org.springframework.boot.StartupInfoLogger [main] InetAddress.getLocalHost().getHostName() took 5005 milliseconds to respond. Please verify your network configuration (macOS machines may need to add entries to /etc/hosts).
2020-10-20 10:57:19,812 INFO org.springframework.boot.StartupInfoLogger [main] Starting MainApplication on MacBook-Pro-bogdan.local with PID 82308 (/Users/bogdan/files/mag1/mag-sem3/dist-systems/news/news/target/classes started by bogdan in /Users/bogdan/files/mag1/mag-sem3/dist-systems/news/news)
2020-10-20 10:57:19,813 DEBUG org.springframework.boot.StartupInfoLogger [main] Running with Spring Boot v2.3.3.RELEASE, Spring v5.2.8.RELEASE
2020-10-20 10:57:19,814 INFO org.springframework.boot.SpringApplication [main] No active profile set, falling back to default profiles: default
2020-10-20 10:57:20,323 INFO org.springframework.data.repository.config.RepositoryConfigurationDelegate [main] Bootstrapping Spring Data JPA repositories in DEFERRED mode.
2020-10-20 10:57:20,373 INFO org.springframework.data.repository.config.RepositoryConfigurationDelegate [main] Finished Spring Data repository scanning in 45ms. Found 4 JPA repository interfaces.
2020-10-20 10:57:20,619 INFO org.springframework.context.support.PostProcessorRegistrationDelegate$BeanPostProcessorChecker [main] Bean 'org.springframework.security.access.expression.method.DefaultMethodSecurityExpressionHandler@676ff3b0' of type [org.springframework.security.access.expression.method.DefaultMethodSecurityExpressionHandler] is not eligible for getting processed by all BeanPostProcessors (for example: not eligible for auto-proxying)
2020-10-20 10:57:20,624 INFO org.springframework.context.support.PostProcessorRegistrationDelegate$BeanPostProcessorChecker [main] Bean 'methodSecurityMetadataSource' of type [org.springframework.security.access.method.DelegatingMethodSecurityMetadataSource] is not eligible for getting processed by all BeanPostProcessors (for example: not eligible for auto-proxying)
2020-10-20 10:57:20,820 INFO org.springframework.boot.web.embedded.tomcat.TomcatWebServer [main] Tomcat initialized with port(s): 8080 (http)
2020-10-20 10:57:20,827 INFO org.apache.juli.logging.DirectJDKLog [main] Initializing ProtocolHandler ["http-nio-8080"]
2020-10-20 10:57:20,827 INFO org.apache.juli.logging.DirectJDKLog [main] Starting service [Tomcat]
2020-10-20 10:57:20,828 INFO org.apache.juli.logging.DirectJDKLog [main] Starting Servlet engine: [Apache Tomcat/9.0.37]
2020-10-20 10:57:20,882 INFO org.apache.juli.logging.DirectJDKLog [main] Initializing Spring embedded WebApplicationContext
2020-10-20 10:57:20,882 INFO org.springframework.boot.web.servlet.context.ServletWebServerApplicationContext [main] Root WebApplicationContext: initialization completed in 1039 ms
2020-10-20 10:57:20,938 WARN org.springframework.boot.autoconfigure.orm.jpa.JpaBaseConfiguration$JpaWebConfiguration [main] spring.jpa.open-in-view is enabled by default. Therefore, database queries may be performed during view rendering. Explicitly configure spring.jpa.open-in-view to disable this warning
2020-10-20 10:57:21,041 INFO org.springframework.scheduling.concurrent.ExecutorConfigurationSupport [main] Initializing ExecutorService 'applicationTaskExecutor'
2020-10-20 10:57:21,084 INFO org.hibernate.jpa.internal.util.LogHelper [task-1] HHH000204: Processing PersistenceUnitInfo [name: default]
2020-10-20 10:57:21,190 INFO org.hibernate.Version [task-1] HHH000412: Hibernate ORM core version 5.4.20.Final
2020-10-20 10:57:21,278 INFO org.hibernate.annotations.common.reflection.java.JavaReflectionManager [task-1] HCANN000001: Hibernate Commons Annotations {5.1.0.Final}
2020-10-20 10:57:21,367 INFO com.zaxxer.hikari.HikariDataSource [task-1] HikariPool-1 - Starting...
2020-10-20 10:57:21,429 INFO com.zaxxer.hikari.HikariDataSource [task-1] HikariPool-1 - Start completed.
2020-10-20 10:57:21,443 INFO org.hibernate.dialect.Dialect [task-1] HHH000400: Using dialect: org.hibernate.dialect.PostgreSQL10Dialect
2020-10-20 10:57:22,049 INFO org.hibernate.engine.transaction.jta.platform.internal.JtaPlatformInitiator [task-1] HHH000490: Using JtaPlatform implementation: [org.hibernate.engine.transaction.jta.platform.internal.NoJtaPlatform]
2020-10-20 10:57:22,055 INFO org.springframework.orm.jpa.AbstractEntityManagerFactoryBean [task-1] Initialized JPA EntityManagerFactory for persistence unit 'default'
2020-10-20 10:57:22,464 DEBUG org.springframework.web.filter.GenericFilterBean [main] Filter 'filterChainExceptionHandler' configured for use
2020-10-20 10:57:22,891 INFO org.springframework.security.web.DefaultSecurityFilterChain [main] Creating filter chain: any request, [org.springframework.security.web.context.request.async.WebAsyncManagerIntegrationFilter@182e7eda, org.springframework.security.web.context.SecurityContextPersistenceFilter@310b2b6f, org.springframework.security.web.header.HeaderWriterFilter@59c500f7, org.springframework.web.filter.CorsFilter@5f61371d, org.springframework.security.web.authentication.logout.LogoutFilter@432af457, com.kislichenko.news.security.JWTAuthenticationFilter@420a8042, com.kislichenko.news.errors.FilterChainExceptionHandler@df921b1, com.kislichenko.news.errors.FilterChainExceptionHandler@df921b1, com.kislichenko.news.security.JWTAuthorizationFilter@3292d91a, org.springframework.security.web.savedrequest.RequestCacheAwareFilter@6b5ab2f2, org.springframework.security.web.servletapi.SecurityContextHolderAwareRequestFilter@5bcec67e, org.springframework.security.web.authentication.AnonymousAuthenticationFilter@5921b93c, org.springframework.security.web.session.SessionManagementFilter@50110971, org.springframework.security.web.access.ExceptionTranslationFilter@776015fc, org.springframework.security.web.access.intercept.FilterSecurityInterceptor@7da635c0]
2020-10-20 10:57:23,333 INFO org.apache.juli.logging.DirectJDKLog [main] Starting ProtocolHandler ["http-nio-8080"]
2020-10-20 10:57:23,352 INFO org.springframework.boot.web.embedded.tomcat.TomcatWebServer [main] Tomcat started on port(s): 8080 (http) with context path ''
2020-10-20 10:57:23,353 INFO org.springframework.data.repository.config.DeferredRepositoryInitializationListener [main] Triggering deferred initialization of Spring Data repositories…
2020-10-20 10:57:23,380 INFO org.springframework.data.repository.config.DeferredRepositoryInitializationListener [main] Spring Data repositories initialized!
2020-10-20 10:57:23,387 INFO org.springframework.boot.StartupInfoLogger [main] Started MainApplication in 23.845 seconds (JVM running for 29.574)
2020-10-20 10:57:34,103 INFO org.apache.juli.logging.DirectJDKLog [http-nio-8080-exec-1] Initializing Spring DispatcherServlet 'dispatcherServlet'
2020-10-20 10:57:34,104 INFO org.springframework.web.servlet.FrameworkServlet [http-nio-8080-exec-1] Initializing Servlet 'dispatcherServlet'
2020-10-20 10:57:34,121 INFO org.springframework.web.servlet.FrameworkServlet [http-nio-8080-exec-1] Completed initialization in 17 ms
2020-10-20 10:57:34,264 DEBUG com.kislichenko.news.controller.ReqDataController [http-nio-8080-exec-2] Adding new request by bogdan30
2020-10-20 10:58:40,958 INFO org.springframework.orm.jpa.AbstractEntityManagerFactoryBean [SpringContextShutdownHook] Closing JPA EntityManagerFactory for persistence unit 'default'
2020-10-20 10:58:40,961 INFO org.springframework.scheduling.concurrent.ExecutorConfigurationSupport [SpringContextShutdownHook] Shutting down ExecutorService 'applicationTaskExecutor'
2020-10-20 10:58:40,962 INFO com.zaxxer.hikari.HikariDataSource [SpringContextShutdownHook] HikariPool-1 - Shutdown initiated...
2020-10-20 10:58:40,966 INFO com.zaxxer.hikari.HikariDataSource [SpringContextShutdownHook] HikariPool-1 - Shutdown completed.
2020-10-20 10:59:02,111 INFO org.hibernate.validator.internal.util.Version [background-preinit] HV000001: Hibernate Validator 6.1.5.Final
2020-10-20 10:59:07,124 WARN org.springframework.boot.StartupInfoLogger [main] InetAddress.getLocalHost().getHostName() took 5003 milliseconds to respond. Please verify your network configuration (macOS machines may need to add entries to /etc/hosts).
2020-10-20 10:59:12,129 INFO org.springframework.boot.StartupInfoLogger [main] Starting MainApplication on MacBook-Pro-bogdan.local with PID 82383 (/Users/bogdan/files/mag1/mag-sem3/dist-systems/news/news/target/classes started by bogdan in /Users/bogdan/files/mag1/mag-sem3/dist-systems/news/news)
2020-10-20 10:59:12,130 DEBUG org.springframework.boot.StartupInfoLogger [main] Running with Spring Boot v2.3.3.RELEASE, Spring v5.2.8.RELEASE
2020-10-20 10:59:12,131 INFO org.springframework.boot.SpringApplication [main] No active profile set, falling back to default profiles: default
2020-10-20 10:59:12,696 INFO org.springframework.data.repository.config.RepositoryConfigurationDelegate [main] Bootstrapping Spring Data JPA repositories in DEFERRED mode.
2020-10-20 10:59:12,746 INFO org.springframework.data.repository.config.RepositoryConfigurationDelegate [main] Finished Spring Data repository scanning in 45ms. Found 4 JPA repository interfaces.
2020-10-20 10:59:13,010 INFO org.springframework.context.support.PostProcessorRegistrationDelegate$BeanPostProcessorChecker [main] Bean 'org.springframework.security.access.expression.method.DefaultMethodSecurityExpressionHandler@676ff3b0' of type [org.springframework.security.access.expression.method.DefaultMethodSecurityExpressionHandler] is not eligible for getting processed by all BeanPostProcessors (for example: not eligible for auto-proxying)
2020-10-20 10:59:13,014 INFO org.springframework.context.support.PostProcessorRegistrationDelegate$BeanPostProcessorChecker [main] Bean 'methodSecurityMetadataSource' of type [org.springframework.security.access.method.DelegatingMethodSecurityMetadataSource] is not eligible for getting processed by all BeanPostProcessors (for example: not eligible for auto-proxying)
2020-10-20 10:59:13,234 INFO org.springframework.boot.web.embedded.tomcat.TomcatWebServer [main] Tomcat initialized with port(s): 8080 (http)
2020-10-20 10:59:13,240 INFO org.apache.juli.logging.DirectJDKLog [main] Initializing ProtocolHandler ["http-nio-8080"]
2020-10-20 10:59:13,241 INFO org.apache.juli.logging.DirectJDKLog [main] Starting service [Tomcat]
2020-10-20 10:59:13,241 INFO org.apache.juli.logging.DirectJDKLog [main] Starting Servlet engine: [Apache Tomcat/9.0.37]
2020-10-20 10:59:13,294 INFO org.apache.juli.logging.DirectJDKLog [main] Initializing Spring embedded WebApplicationContext
2020-10-20 10:59:13,294 INFO org.springframework.boot.web.servlet.context.ServletWebServerApplicationContext [main] Root WebApplicationContext: initialization completed in 1100 ms
2020-10-20 10:59:13,353 WARN org.springframework.boot.autoconfigure.orm.jpa.JpaBaseConfiguration$JpaWebConfiguration [main] spring.jpa.open-in-view is enabled by default. Therefore, database queries may be performed during view rendering. Explicitly configure spring.jpa.open-in-view to disable this warning
2020-10-20 10:59:13,458 INFO org.springframework.scheduling.concurrent.ExecutorConfigurationSupport [main] Initializing ExecutorService 'applicationTaskExecutor'
2020-10-20 10:59:13,500 INFO org.hibernate.jpa.internal.util.LogHelper [task-1] HHH000204: Processing PersistenceUnitInfo [name: default]
2020-10-20 10:59:13,599 INFO org.hibernate.Version [task-1] HHH000412: Hibernate ORM core version 5.4.20.Final
2020-10-20 10:59:13,691 INFO org.hibernate.annotations.common.reflection.java.JavaReflectionManager [task-1] HCANN000001: Hibernate Commons Annotations {5.1.0.Final}
2020-10-20 10:59:13,763 INFO com.zaxxer.hikari.HikariDataSource [task-1] HikariPool-1 - Starting...
2020-10-20 10:59:13,822 INFO com.zaxxer.hikari.HikariDataSource [task-1] HikariPool-1 - Start completed.
2020-10-20 10:59:13,835 INFO org.hibernate.dialect.Dialect [task-1] HHH000400: Using dialect: org.hibernate.dialect.PostgreSQL10Dialect
2020-10-20 10:59:14,443 INFO org.hibernate.engine.transaction.jta.platform.internal.JtaPlatformInitiator [task-1] HHH000490: Using JtaPlatform implementation: [org.hibernate.engine.transaction.jta.platform.internal.NoJtaPlatform]
2020-10-20 10:59:14,449 INFO org.springframework.orm.jpa.AbstractEntityManagerFactoryBean [task-1] Initialized JPA EntityManagerFactory for persistence unit 'default'
2020-10-20 10:59:14,886 DEBUG org.springframework.web.filter.GenericFilterBean [main] Filter 'filterChainExceptionHandler' configured for use
2020-10-20 10:59:15,341 INFO org.springframework.security.web.DefaultSecurityFilterChain [main] Creating filter chain: any request, [org.springframework.security.web.context.request.async.WebAsyncManagerIntegrationFilter@28babeca, org.springframework.security.web.context.SecurityContextPersistenceFilter@1bbddada, org.springframework.security.web.header.HeaderWriterFilter@5bcec67e, org.springframework.web.filter.CorsFilter@1ad9b8d3, org.springframework.security.web.authentication.logout.LogoutFilter@319642db, com.kislichenko.news.security.JWTAuthenticationFilter@168ad26f, com.kislichenko.news.errors.FilterChainExceptionHandler@57fbc06f, com.kislichenko.news.errors.FilterChainExceptionHandler@57fbc06f, com.kislichenko.news.security.JWTAuthorizationFilter@4f93bf0a, org.springframework.security.web.savedrequest.RequestCacheAwareFilter@721d5b74, org.springframework.security.web.servletapi.SecurityContextHolderAwareRequestFilter@764b14b8, org.springframework.security.web.authentication.AnonymousAuthenticationFilter@322204dc, org.springframework.security.web.session.SessionManagementFilter@7a2fce12, org.springframework.security.web.access.ExceptionTranslationFilter@6b2dd3df, org.springframework.security.web.access.intercept.FilterSecurityInterceptor@69f2cb04]
2020-10-20 10:59:15,779 INFO org.apache.juli.logging.DirectJDKLog [main] Starting ProtocolHandler ["http-nio-8080"]
2020-10-20 10:59:15,802 INFO org.springframework.boot.web.embedded.tomcat.TomcatWebServer [main] Tomcat started on port(s): 8080 (http) with context path ''
2020-10-20 10:59:15,803 INFO org.springframework.data.repository.config.DeferredRepositoryInitializationListener [main] Triggering deferred initialization of Spring Data repositories…
2020-10-20 10:59:15,833 INFO org.springframework.data.repository.config.DeferredRepositoryInitializationListener [main] Spring Data repositories initialized!
2020-10-20 10:59:15,840 INFO org.springframework.boot.StartupInfoLogger [main] Started MainApplication in 23.941 seconds (JVM running for 29.653)
2020-10-20 10:59:25,510 INFO org.apache.juli.logging.DirectJDKLog [http-nio-8080-exec-1] Initializing Spring DispatcherServlet 'dispatcherServlet'
2020-10-20 10:59:25,511 INFO org.springframework.web.servlet.FrameworkServlet [http-nio-8080-exec-1] Initializing Servlet 'dispatcherServlet'
2020-10-20 10:59:25,526 INFO org.springframework.web.servlet.FrameworkServlet [http-nio-8080-exec-1] Completed initialization in 15 ms
2020-10-20 10:59:25,698 DEBUG com.kislichenko.news.controller.ReqDataController [http-nio-8080-exec-2] Adding new request by bogdan30
2020-10-20 11:02:09,964 INFO org.springframework.orm.jpa.AbstractEntityManagerFactoryBean [SpringContextShutdownHook] Closing JPA EntityManagerFactory for persistence unit 'default'
2020-10-20 11:02:09,966 INFO org.springframework.scheduling.concurrent.ExecutorConfigurationSupport [SpringContextShutdownHook] Shutting down ExecutorService 'applicationTaskExecutor'
2020-10-20 11:02:09,966 INFO com.zaxxer.hikari.HikariDataSource [SpringContextShutdownHook] HikariPool-1 - Shutdown initiated...
2020-10-20 11:02:09,971 INFO com.zaxxer.hikari.HikariDataSource [SpringContextShutdownHook] HikariPool-1 - Shutdown completed.
2020-10-20 11:02:30,553 INFO org.hibernate.validator.internal.util.Version [background-preinit] HV000001: Hibernate Validator 6.1.5.Final
2020-10-20 11:02:35,569 WARN org.springframework.boot.StartupInfoLogger [main] InetAddress.getLocalHost().getHostName() took 5007 milliseconds to respond. Please verify your network configuration (macOS machines may need to add entries to /etc/hosts).
2020-10-20 11:02:40,572 INFO org.springframework.boot.StartupInfoLogger [main] Starting MainApplication on MacBook-Pro-bogdan.local with PID 82502 (/Users/bogdan/files/mag1/mag-sem3/dist-systems/news/news/target/classes started by bogdan in /Users/bogdan/files/mag1/mag-sem3/dist-systems/news/news)
2020-10-20 11:02:40,573 DEBUG org.springframework.boot.StartupInfoLogger [main] Running with Spring Boot v2.3.3.RELEASE, Spring v5.2.8.RELEASE
2020-10-20 11:02:40,573 INFO org.springframework.boot.SpringApplication [main] No active profile set, falling back to default profiles: default
2020-10-20 11:02:41,135 INFO org.springframework.data.repository.config.RepositoryConfigurationDelegate [main] Bootstrapping Spring Data JPA repositories in DEFERRED mode.
2020-10-20 11:02:41,187 INFO org.springframework.data.repository.config.RepositoryConfigurationDelegate [main] Finished Spring Data repository scanning in 46ms. Found 4 JPA repository interfaces.
2020-10-20 11:02:41,445 INFO org.springframework.context.support.PostProcessorRegistrationDelegate$BeanPostProcessorChecker [main] Bean 'org.springframework.security.access.expression.method.DefaultMethodSecurityExpressionHandler@7e9da981' of type [org.springframework.security.access.expression.method.DefaultMethodSecurityExpressionHandler] is not eligible for getting processed by all BeanPostProcessors (for example: not eligible for auto-proxying)
2020-10-20 11:02:41,450 INFO org.springframework.context.support.PostProcessorRegistrationDelegate$BeanPostProcessorChecker [main] Bean 'methodSecurityMetadataSource' of type [org.springframework.security.access.method.DelegatingMethodSecurityMetadataSource] is not eligible for getting processed by all BeanPostProcessors (for example: not eligible for auto-proxying)
2020-10-20 11:02:41,668 INFO org.springframework.boot.web.embedded.tomcat.TomcatWebServer [main] Tomcat initialized with port(s): 8080 (http)
2020-10-20 11:02:41,673 INFO org.apache.juli.logging.DirectJDKLog [main] Initializing ProtocolHandler ["http-nio-8080"]
2020-10-20 11:02:41,674 INFO org.apache.juli.logging.DirectJDKLog [main] Starting service [Tomcat]
2020-10-20 11:02:41,674 INFO org.apache.juli.logging.DirectJDKLog [main] Starting Servlet engine: [Apache Tomcat/9.0.37]
2020-10-20 11:02:41,741 INFO org.apache.juli.logging.DirectJDKLog [main] Initializing Spring embedded WebApplicationContext
2020-10-20 11:02:41,741 INFO org.springframework.boot.web.servlet.context.ServletWebServerApplicationContext [main] Root WebApplicationContext: initialization completed in 1109 ms
2020-10-20 11:02:41,798 WARN org.springframework.boot.autoconfigure.orm.jpa.JpaBaseConfiguration$JpaWebConfiguration [main] spring.jpa.open-in-view is enabled by default. Therefore, database queries may be performed during view rendering. Explicitly configure spring.jpa.open-in-view to disable this warning
2020-10-20 11:02:41,904 INFO org.springframework.scheduling.concurrent.ExecutorConfigurationSupport [main] Initializing ExecutorService 'applicationTaskExecutor'
2020-10-20 11:02:41,947 INFO org.hibernate.jpa.internal.util.LogHelper [task-1] HHH000204: Processing PersistenceUnitInfo [name: default]
2020-10-20 11:02:42,042 INFO org.hibernate.Version [task-1] HHH000412: Hibernate ORM core version 5.4.20.Final
2020-10-20 11:02:42,166 INFO org.hibernate.annotations.common.reflection.java.JavaReflectionManager [task-1] HCANN000001: Hibernate Commons Annotations {5.1.0.Final}
2020-10-20 11:02:42,256 INFO com.zaxxer.hikari.HikariDataSource [task-1] HikariPool-1 - Starting...
2020-10-20 11:02:42,321 INFO com.zaxxer.hikari.HikariDataSource [task-1] HikariPool-1 - Start completed.
2020-10-20 11:02:42,335 INFO org.hibernate.dialect.Dialect [task-1] HHH000400: Using dialect: org.hibernate.dialect.PostgreSQL10Dialect
2020-10-20 11:02:42,972 INFO org.hibernate.engine.transaction.jta.platform.internal.JtaPlatformInitiator [task-1] HHH000490: Using JtaPlatform implementation: [org.hibernate.engine.transaction.jta.platform.internal.NoJtaPlatform]
2020-10-20 11:02:42,978 INFO org.springframework.orm.jpa.AbstractEntityManagerFactoryBean [task-1] Initialized JPA EntityManagerFactory for persistence unit 'default'
2020-10-20 11:02:43,412 DEBUG org.springframework.web.filter.GenericFilterBean [main] Filter 'filterChainExceptionHandler' configured for use
2020-10-20 11:02:43,849 INFO org.springframework.security.web.DefaultSecurityFilterChain [main] Creating filter chain: any request, [org.springframework.security.web.context.request.async.WebAsyncManagerIntegrationFilter@570ba13, org.springframework.security.web.context.SecurityContextPersistenceFilter@62aeddc8, org.springframework.security.web.header.HeaderWriterFilter@6ad1701a, org.springframework.web.filter.CorsFilter@37a9b687, org.springframework.security.web.authentication.logout.LogoutFilter@66e21568, com.kislichenko.news.security.JWTAuthenticationFilter@525b1b70, com.kislichenko.news.errors.FilterChainExceptionHandler@2a53f215, com.kislichenko.news.errors.FilterChainExceptionHandler@2a53f215, com.kislichenko.news.security.JWTAuthorizationFilter@16d07cf3, org.springframework.security.web.savedrequest.RequestCacheAwareFilter@5707f613, org.springframework.security.web.servletapi.SecurityContextHolderAwareRequestFilter@6b321262, org.springframework.security.web.authentication.AnonymousAuthenticationFilter@16f0ec18, org.springframework.security.web.session.SessionManagementFilter@22da2fe6, org.springframework.security.web.access.ExceptionTranslationFilter@6d6ac396, org.springframework.security.web.access.intercept.FilterSecurityInterceptor@3f8dfe74]
2020-10-20 11:02:44,304 INFO org.apache.juli.logging.DirectJDKLog [main] Starting ProtocolHandler ["http-nio-8080"]
2020-10-20 11:02:44,324 INFO org.springframework.boot.web.embedded.tomcat.TomcatWebServer [main] Tomcat started on port(s): 8080 (http) with context path ''
2020-10-20 11:02:44,325 INFO org.springframework.data.repository.config.DeferredRepositoryInitializationListener [main] Triggering deferred initialization of Spring Data repositories…
2020-10-20 11:02:44,352 INFO org.springframework.data.repository.config.DeferredRepositoryInitializationListener [main] Spring Data repositories initialized!
2020-10-20 11:02:44,359 INFO org.springframework.boot.StartupInfoLogger [main] Started MainApplication in 24.016 seconds (JVM running for 29.764)
2020-10-20 11:02:53,682 INFO org.apache.juli.logging.DirectJDKLog [http-nio-8080-exec-1] Initializing Spring DispatcherServlet 'dispatcherServlet'
2020-10-20 11:02:53,682 INFO org.springframework.web.servlet.FrameworkServlet [http-nio-8080-exec-1] Initializing Servlet 'dispatcherServlet'
2020-10-20 11:02:53,695 INFO org.springframework.web.servlet.FrameworkServlet [http-nio-8080-exec-1] Completed initialization in 13 ms
2020-10-20 11:02:53,864 DEBUG com.kislichenko.news.controller.ReqDataController [http-nio-8080-exec-2] Adding new request by bogdan30
2020-10-20 11:03:58,258 INFO org.springframework.orm.jpa.AbstractEntityManagerFactoryBean [SpringContextShutdownHook] Closing JPA EntityManagerFactory for persistence unit 'default'
2020-10-20 11:03:58,261 INFO org.springframework.scheduling.concurrent.ExecutorConfigurationSupport [SpringContextShutdownHook] Shutting down ExecutorService 'applicationTaskExecutor'
2020-10-20 11:03:58,261 INFO com.zaxxer.hikari.HikariDataSource [SpringContextShutdownHook] HikariPool-1 - Shutdown initiated...
2020-10-20 11:03:58,268 INFO com.zaxxer.hikari.HikariDataSource [SpringContextShutdownHook] HikariPool-1 - Shutdown completed.
2020-10-20 11:04:19,646 INFO org.hibernate.validator.internal.util.Version [background-preinit] HV000001: Hibernate Validator 6.1.5.Final
2020-10-20 11:04:24,665 WARN org.springframework.boot.StartupInfoLogger [main] InetAddress.getLocalHost().getHostName() took 5001 milliseconds to respond. Please verify your network configuration (macOS machines may need to add entries to /etc/hosts).
2020-10-20 11:04:29,743 INFO org.springframework.boot.StartupInfoLogger [main] Starting MainApplication on MacBook-Pro-bogdan.local with PID 82737 (/Users/bogdan/files/mag1/mag-sem3/dist-systems/news/news/target/classes started by bogdan in /Users/bogdan/files/mag1/mag-sem3/dist-systems/news/news)
2020-10-20 11:04:29,747 DEBUG org.springframework.boot.StartupInfoLogger [main] Running with Spring Boot v2.3.3.RELEASE, Spring v5.2.8.RELEASE
2020-10-20 11:04:29,748 INFO org.springframework.boot.SpringApplication [main] No active profile set, falling back to default profiles: default
2020-10-20 11:04:30,610 INFO org.springframework.data.repository.config.RepositoryConfigurationDelegate [main] Bootstrapping Spring Data JPA repositories in DEFERRED mode.
2020-10-20 11:04:30,677 INFO org.springframework.data.repository.config.RepositoryConfigurationDelegate [main] Finished Spring Data repository scanning in 58ms. Found 4 JPA repository interfaces.
2020-10-20 11:04:31,088 INFO org.springframework.context.support.PostProcessorRegistrationDelegate$BeanPostProcessorChecker [main] Bean 'org.springframework.security.access.expression.method.DefaultMethodSecurityExpressionHandler@f339eae' of type [org.springframework.security.access.expression.method.DefaultMethodSecurityExpressionHandler] is not eligible for getting processed by all BeanPostProcessors (for example: not eligible for auto-proxying)
2020-10-20 11:04:31,094 INFO org.springframework.context.support.PostProcessorRegistrationDelegate$BeanPostProcessorChecker [main] Bean 'methodSecurityMetadataSource' of type [org.springframework.security.access.method.DelegatingMethodSecurityMetadataSource] is not eligible for getting processed by all BeanPostProcessors (for example: not eligible for auto-proxying)
2020-10-20 11:04:31,462 INFO org.springframework.boot.web.embedded.tomcat.TomcatWebServer [main] Tomcat initialized with port(s): 8080 (http)
2020-10-20 11:04:31,470 INFO org.apache.juli.logging.DirectJDKLog [main] Initializing ProtocolHandler ["http-nio-8080"]
2020-10-20 11:04:31,471 INFO org.apache.juli.logging.DirectJDKLog [main] Starting service [Tomcat]
2020-10-20 11:04:31,472 INFO org.apache.juli.logging.DirectJDKLog [main] Starting Servlet engine: [Apache Tomcat/9.0.37]
2020-10-20 11:04:31,603 INFO org.apache.juli.logging.DirectJDKLog [main] Initializing Spring embedded WebApplicationContext
2020-10-20 11:04:31,603 INFO org.springframework.boot.web.servlet.context.ServletWebServerApplicationContext [main] Root WebApplicationContext: initialization completed in 1810 ms
2020-10-20 11:04:31,780 WARN org.springframework.boot.autoconfigure.orm.jpa.JpaBaseConfiguration$JpaWebConfiguration [main] spring.jpa.open-in-view is enabled by default. Therefore, database queries may be performed during view rendering. Explicitly configure spring.jpa.open-in-view to disable this warning
2020-10-20 11:04:31,971 INFO org.springframework.scheduling.concurrent.ExecutorConfigurationSupport [main] Initializing ExecutorService 'applicationTaskExecutor'
2020-10-20 11:04:32,110 INFO org.hibernate.jpa.internal.util.LogHelper [task-1] HHH000204: Processing PersistenceUnitInfo [name: default]
2020-10-20 11:04:32,272 INFO org.hibernate.Version [task-1] HHH000412: Hibernate ORM core version 5.4.20.Final
2020-10-20 11:04:32,411 INFO org.hibernate.annotations.common.reflection.java.JavaReflectionManager [task-1] HCANN000001: Hibernate Commons Annotations {5.1.0.Final}
2020-10-20 11:04:32,530 INFO com.zaxxer.hikari.HikariDataSource [task-1] HikariPool-1 - Starting...
2020-10-20 11:04:32,686 INFO com.zaxxer.hikari.HikariDataSource [task-1] HikariPool-1 - Start completed.
2020-10-20 11:04:32,730 INFO org.hibernate.dialect.Dialect [task-1] HHH000400: Using dialect: org.hibernate.dialect.PostgreSQL10Dialect
2020-10-20 11:04:33,956 INFO org.hibernate.engine.transaction.jta.platform.internal.JtaPlatformInitiator [task-1] HHH000490: Using JtaPlatform implementation: [org.hibernate.engine.transaction.jta.platform.internal.NoJtaPlatform]
2020-10-20 11:04:33,965 INFO org.springframework.orm.jpa.AbstractEntityManagerFactoryBean [task-1] Initialized JPA EntityManagerFactory for persistence unit 'default'
2020-10-20 11:04:34,788 DEBUG org.springframework.web.filter.GenericFilterBean [main] Filter 'filterChainExceptionHandler' configured for use
2020-10-20 11:04:35,537 INFO org.springframework.security.web.DefaultSecurityFilterChain [main] Creating filter chain: any request, [org.springframework.security.web.context.request.async.WebAsyncManagerIntegrationFilter@3292d91a, org.springframework.security.web.context.SecurityContextPersistenceFilter@315c081, org.springframework.security.web.header.HeaderWriterFilter@17d2b075, org.springframework.web.filter.CorsFilter@5921b93c, org.springframework.security.web.authentication.logout.LogoutFilter@6ad1701a, com.kislichenko.news.security.JWTAuthenticationFilter@faea4da, com.kislichenko.news.errors.FilterChainExceptionHandler@18137eab, com.kislichenko.news.errors.FilterChainExceptionHandler@18137eab, com.kislichenko.news.security.JWTAuthorizationFilter@19b02dfd, org.springframework.security.web.savedrequest.RequestCacheAwareFilter@4db77402, org.springframework.security.web.servletapi.SecurityContextHolderAwareRequestFilter@66e17eff, org.springframework.security.web.authentication.AnonymousAuthenticationFilter@3dce6dd8, org.springframework.security.web.session.SessionManagementFilter@310b2b6f, org.springframework.security.web.access.ExceptionTranslationFilter@2efd2f21, org.springframework.security.web.access.intercept.FilterSecurityInterceptor@35650279]
2020-10-20 11:04:36,263 INFO org.apache.juli.logging.DirectJDKLog [main] Starting ProtocolHandler ["http-nio-8080"]
2020-10-20 11:04:36,286 INFO org.springframework.boot.web.embedded.tomcat.TomcatWebServer [main] Tomcat started on port(s): 8080 (http) with context path ''
2020-10-20 11:04:36,287 INFO org.springframework.data.repository.config.DeferredRepositoryInitializationListener [main] Triggering deferred initialization of Spring Data repositories…
2020-10-20 11:04:36,315 INFO org.springframework.data.repository.config.DeferredRepositoryInitializationListener [main] Spring Data repositories initialized!
2020-10-20 11:04:36,323 INFO org.springframework.boot.StartupInfoLogger [main] Started MainApplication in 26.943 seconds (JVM running for 32.637)
2020-10-20 11:05:03,127 INFO org.apache.juli.logging.DirectJDKLog [http-nio-8080-exec-1] Initializing Spring DispatcherServlet 'dispatcherServlet'
2020-10-20 11:05:03,127 INFO org.springframework.web.servlet.FrameworkServlet [http-nio-8080-exec-1] Initializing Servlet 'dispatcherServlet'
2020-10-20 11:05:03,146 INFO org.springframework.web.servlet.FrameworkServlet [http-nio-8080-exec-1] Completed initialization in 18 ms
2020-10-20 11:05:03,326 DEBUG com.kislichenko.news.controller.ReqDataController [http-nio-8080-exec-1] Adding new request by bogdan30
2020-10-20 11:06:10,334 INFO org.springframework.orm.jpa.AbstractEntityManagerFactoryBean [SpringContextShutdownHook] Closing JPA EntityManagerFactory for persistence unit 'default'
2020-10-20 11:06:10,338 INFO org.springframework.scheduling.concurrent.ExecutorConfigurationSupport [SpringContextShutdownHook] Shutting down ExecutorService 'applicationTaskExecutor'
2020-10-20 11:06:10,338 INFO com.zaxxer.hikari.HikariDataSource [SpringContextShutdownHook] HikariPool-1 - Shutdown initiated...
2020-10-20 11:06:10,343 INFO com.zaxxer.hikari.HikariDataSource [SpringContextShutdownHook] HikariPool-1 - Shutdown completed.
2020-10-20 11:06:44,232 INFO org.hibernate.validator.internal.util.Version [background-preinit] HV000001: Hibernate Validator 6.1.5.Final
2020-10-20 11:06:49,251 WARN org.springframework.boot.StartupInfoLogger [main] InetAddress.getLocalHost().getHostName() took 5007 milliseconds to respond. Please verify your network configuration (macOS machines may need to add entries to /etc/hosts).
2020-10-20 11:06:54,291 INFO org.springframework.boot.StartupInfoLogger [main] Starting MainApplication on MacBook-Pro-bogdan.local with PID 82872 (/Users/bogdan/files/mag1/mag-sem3/dist-systems/news/news/target/classes started by bogdan in /Users/bogdan/files/mag1/mag-sem3/dist-systems/news/news)
2020-10-20 11:06:54,292 DEBUG org.springframework.boot.StartupInfoLogger [main] Running with Spring Boot v2.3.3.RELEASE, Spring v5.2.8.RELEASE
2020-10-20 11:06:54,292 INFO org.springframework.boot.SpringApplication [main] No active profile set, falling back to default profiles: default
2020-10-20 11:06:54,798 INFO org.springframework.data.repository.config.RepositoryConfigurationDelegate [main] Bootstrapping Spring Data JPA repositories in DEFERRED mode.
2020-10-20 11:06:54,849 INFO org.springframework.data.repository.config.RepositoryConfigurationDelegate [main] Finished Spring Data repository scanning in 45ms. Found 4 JPA repository interfaces.
2020-10-20 11:06:55,110 INFO org.springframework.context.support.PostProcessorRegistrationDelegate$BeanPostProcessorChecker [main] Bean 'org.springframework.security.access.expression.method.DefaultMethodSecurityExpressionHandler@7159139f' of type [org.springframework.security.access.expression.method.DefaultMethodSecurityExpressionHandler] is not eligible for getting processed by all BeanPostProcessors (for example: not eligible for auto-proxying)
2020-10-20 11:06:55,114 INFO org.springframework.context.support.PostProcessorRegistrationDelegate$BeanPostProcessorChecker [main] Bean 'methodSecurityMetadataSource' of type [org.springframework.security.access.method.DelegatingMethodSecurityMetadataSource] is not eligible for getting processed by all BeanPostProcessors (for example: not eligible for auto-proxying)
2020-10-20 11:06:55,327 INFO org.springframework.boot.web.embedded.tomcat.TomcatWebServer [main] Tomcat initialized with port(s): 8080 (http)
2020-10-20 11:06:55,333 INFO org.apache.juli.logging.DirectJDKLog [main] Initializing ProtocolHandler ["http-nio-8080"]
2020-10-20 11:06:55,334 INFO org.apache.juli.logging.DirectJDKLog [main] Starting service [Tomcat]
2020-10-20 11:06:55,334 INFO org.apache.juli.logging.DirectJDKLog [main] Starting Servlet engine: [Apache Tomcat/9.0.37]
2020-10-20 11:06:55,388 INFO org.apache.juli.logging.DirectJDKLog [main] Initializing Spring embedded WebApplicationContext
2020-10-20 11:06:55,388 INFO org.springframework.boot.web.servlet.context.ServletWebServerApplicationContext [main] Root WebApplicationContext: initialization completed in 1069 ms
2020-10-20 11:06:55,449 WARN org.springframework.boot.autoconfigure.orm.jpa.JpaBaseConfiguration$JpaWebConfiguration [main] spring.jpa.open-in-view is enabled by default. Therefore, database queries may be performed during view rendering. Explicitly configure spring.jpa.open-in-view to disable this warning
2020-10-20 11:06:55,554 INFO org.springframework.scheduling.concurrent.ExecutorConfigurationSupport [main] Initializing ExecutorService 'applicationTaskExecutor'
2020-10-20 11:06:55,597 INFO org.hibernate.jpa.internal.util.LogHelper [task-1] HHH000204: Processing PersistenceUnitInfo [name: default]
2020-10-20 11:06:55,693 INFO org.hibernate.Version [task-1] HHH000412: Hibernate ORM core version 5.4.20.Final
2020-10-20 11:06:55,781 INFO org.hibernate.annotations.common.reflection.java.JavaReflectionManager [task-1] HCANN000001: Hibernate Commons Annotations {5.1.0.Final}
2020-10-20 11:06:55,852 INFO com.zaxxer.hikari.HikariDataSource [task-1] HikariPool-1 - Starting...
2020-10-20 11:06:55,908 INFO com.zaxxer.hikari.HikariDataSource [task-1] HikariPool-1 - Start completed.
2020-10-20 11:06:55,920 INFO org.hibernate.dialect.Dialect [task-1] HHH000400: Using dialect: org.hibernate.dialect.PostgreSQL10Dialect
2020-10-20 11:06:56,538 INFO org.hibernate.engine.transaction.jta.platform.internal.JtaPlatformInitiator [task-1] HHH000490: Using JtaPlatform implementation: [org.hibernate.engine.transaction.jta.platform.internal.NoJtaPlatform]
2020-10-20 11:06:56,544 INFO org.springframework.orm.jpa.AbstractEntityManagerFactoryBean [task-1] Initialized JPA EntityManagerFactory for persistence unit 'default'
2020-10-20 11:06:56,954 DEBUG org.springframework.web.filter.GenericFilterBean [main] Filter 'filterChainExceptionHandler' configured for use
2020-10-20 11:06:57,378 INFO org.springframework.security.web.DefaultSecurityFilterChain [main] Creating filter chain: any request, [org.springframework.security.web.context.request.async.WebAsyncManagerIntegrationFilter@61191222, org.springframework.security.web.context.SecurityContextPersistenceFilter@202d9236, org.springframework.security.web.header.HeaderWriterFilter@41bfa9e9, org.springframework.web.filter.CorsFilter@58833798, org.springframework.security.web.authentication.logout.LogoutFilter@5ba90d8a, com.kislichenko.news.security.JWTAuthenticationFilter@7f3ca64a, com.kislichenko.news.errors.FilterChainExceptionHandler@7c52fc81, com.kislichenko.news.errors.FilterChainExceptionHandler@7c52fc81, com.kislichenko.news.security.JWTAuthorizationFilter@4d464510, org.springframework.security.web.savedrequest.RequestCacheAwareFilter@6d6ac396, org.springframework.security.web.servletapi.SecurityContextHolderAwareRequestFilter@22da2fe6, org.springframework.security.web.authentication.AnonymousAuthenticationFilter@64e7d698, org.springframework.security.web.session.SessionManagementFilter@7069f076, org.springframework.security.web.access.ExceptionTranslationFilter@1bbddada, org.springframework.security.web.access.intercept.FilterSecurityInterceptor@322204dc]
2020-10-20 11:06:57,804 INFO org.apache.juli.logging.DirectJDKLog [main] Starting ProtocolHandler ["http-nio-8080"]
2020-10-20 11:06:57,823 INFO org.springframework.boot.web.embedded.tomcat.TomcatWebServer [main] Tomcat started on port(s): 8080 (http) with context path ''
2020-10-20 11:06:57,824 INFO org.springframework.data.repository.config.DeferredRepositoryInitializationListener [main] Triggering deferred initialization of Spring Data repositories…
2020-10-20 11:06:57,850 INFO org.springframework.data.repository.config.DeferredRepositoryInitializationListener [main] Spring Data repositories initialized!
2020-10-20 11:06:57,857 INFO org.springframework.boot.StartupInfoLogger [main] Started MainApplication in 23.852 seconds (JVM running for 29.527)
2020-10-20 11:07:30,917 INFO org.apache.juli.logging.DirectJDKLog [http-nio-8080-exec-1] Initializing Spring DispatcherServlet 'dispatcherServlet'
2020-10-20 11:07:31,148 INFO org.springframework.web.servlet.FrameworkServlet [http-nio-8080-exec-1] Initializing Servlet 'dispatcherServlet'
2020-10-20 11:07:31,285 INFO org.springframework.web.servlet.FrameworkServlet [http-nio-8080-exec-1] Completed initialization in 136 ms
2020-10-20 11:07:31,623 DEBUG com.kislichenko.news.controller.ReqDataController [http-nio-8080-exec-1] Adding new request by bogdan30
2020-10-20 11:08:49,674 INFO org.springframework.orm.jpa.AbstractEntityManagerFactoryBean [SpringContextShutdownHook] Closing JPA EntityManagerFactory for persistence unit 'default'
2020-10-20 11:08:49,679 INFO org.springframework.scheduling.concurrent.ExecutorConfigurationSupport [SpringContextShutdownHook] Shutting down ExecutorService 'applicationTaskExecutor'
2020-10-20 11:08:49,680 INFO com.zaxxer.hikari.HikariDataSource [SpringContextShutdownHook] HikariPool-1 - Shutdown initiated...
2020-10-20 11:08:49,685 INFO com.zaxxer.hikari.HikariDataSource [SpringContextShutdownHook] HikariPool-1 - Shutdown completed.
